@storybook/cli v7.3.2

info => Cleaning outputDir: /var/folders/2n/ql1qs9rs58v7mxcldc63ml8m0000gn/T/chromatic--30095-t5sXW3voS14q
info => Loading presets
info => Building manager..
info => Manager built (214 ms)
info => Copying static files: /Users/glrodasz/Code/garaje-code-pills-chromatic/node_modules/@storybook/manager/static at /var/folders/2n/ql1qs9rs58v7mxcldc63ml8m0000gn/T/chromatic--30095-t5sXW3voS14q/sb-common-assets
WARN No story files found for the specified pattern: src/**/*.mdx
vite v4.4.9 building for production...

./sb-common-assets/fonts.css doesn't exist at build time, it will remain unchanged to be resolved at runtime
transforming...
node_modules/telejson/dist/index.mjs (1413:15) Use of eval in "node_modules/telejson/dist/index.mjs" is strongly discouraged as it poses security risks and may cause issues with minification.
node_modules/telejson/dist/index.mjs (1416:18) Use of eval in "node_modules/telejson/dist/index.mjs" is strongly discouraged as it poses security risks and may cause issues with minification.
✓ 673 modules transformed.
rendering chunks...
computing gzip size...
../../../../var/folders/2n/ql1qs9rs58v7mxcldc63ml8m0000gn/T/chromatic--30095-t5sXW3voS14q/iframe.html                                          12.86 kB │ gzip:   3.63 kB
../../../../var/folders/2n/ql1qs9rs58v7mxcldc63ml8m0000gn/T/chromatic--30095-t5sXW3voS14q/assets/Image-0da9db99.css                             0.05 kB │ gzip:   0.06 kB
../../../../var/folders/2n/ql1qs9rs58v7mxcldc63ml8m0000gn/T/chromatic--30095-t5sXW3voS14q/assets/Text-8b0e294f.css                              0.09 kB │ gzip:   0.10 kB
../../../../var/folders/2n/ql1qs9rs58v7mxcldc63ml8m0000gn/T/chromatic--30095-t5sXW3voS14q/assets/Title-a6db6174.css                             0.09 kB │ gzip:   0.10 kB
../../../../var/folders/2n/ql1qs9rs58v7mxcldc63ml8m0000gn/T/chromatic--30095-t5sXW3voS14q/assets/Card.stories-0a8f3a14.css                      0.36 kB │ gzip:   0.25 kB
../../../../var/folders/2n/ql1qs9rs58v7mxcldc63ml8m0000gn/T/chromatic--30095-t5sXW3voS14q/assets/Button-7ff667c3.css                            0.60 kB │ gzip:   0.29 kB
../../../../var/folders/2n/ql1qs9rs58v7mxcldc63ml8m0000gn/T/chromatic--30095-t5sXW3voS14q/assets/index-d475d2ea.js                              0.21 kB │ gzip:   0.17 kB │ map:     0.84 kB
../../../../var/folders/2n/ql1qs9rs58v7mxcldc63ml8m0000gn/T/chromatic--30095-t5sXW3voS14q/assets/chunk-MSDTXLE7-e8876087.js                     0.33 kB │ gzip:   0.28 kB │ map:     1.29 kB
../../../../var/folders/2n/ql1qs9rs58v7mxcldc63ml8m0000gn/T/chromatic--30095-t5sXW3voS14q/assets/preview-a82993de.js                            0.36 kB │ gzip:   0.28 kB │ map:     1.03 kB
../../../../var/folders/2n/ql1qs9rs58v7mxcldc63ml8m0000gn/T/chromatic--30095-t5sXW3voS14q/assets/Text-ebb8c177.js                               0.39 kB │ gzip:   0.28 kB │ map:     0.61 kB
../../../../var/folders/2n/ql1qs9rs58v7mxcldc63ml8m0000gn/T/chromatic--30095-t5sXW3voS14q/assets/Title-bc28fd7c.js                              0.39 kB │ gzip:   0.28 kB │ map:     0.62 kB
../../../../var/folders/2n/ql1qs9rs58v7mxcldc63ml8m0000gn/T/chromatic--30095-t5sXW3voS14q/assets/WithTooltip-YBG737T3-380baf02.js               0.45 kB │ gzip:   0.28 kB │ map:     0.11 kB
../../../../var/folders/2n/ql1qs9rs58v7mxcldc63ml8m0000gn/T/chromatic--30095-t5sXW3voS14q/assets/syntaxhighlighter-4OVWVELQ-2079f1a8.js         0.46 kB │ gzip:   0.31 kB │ map:     0.12 kB
../../../../var/folders/2n/ql1qs9rs58v7mxcldc63ml8m0000gn/T/chromatic--30095-t5sXW3voS14q/assets/preview-777e3d4f.js                            0.51 kB │ gzip:   0.33 kB │ map:     0.55 kB
../../../../var/folders/2n/ql1qs9rs58v7mxcldc63ml8m0000gn/T/chromatic--30095-t5sXW3voS14q/assets/Image-2c2495fa.js                              0.57 kB │ gzip:   0.33 kB │ map:     0.84 kB
../../../../var/folders/2n/ql1qs9rs58v7mxcldc63ml8m0000gn/T/chromatic--30095-t5sXW3voS14q/assets/Text.stories-0e2b41b0.js                       0.60 kB │ gzip:   0.37 kB │ map:     0.11 kB
../../../../var/folders/2n/ql1qs9rs58v7mxcldc63ml8m0000gn/T/chromatic--30095-t5sXW3voS14q/assets/Title.stories-167de11d.js                      0.60 kB │ gzip:   0.37 kB │ map:     0.11 kB
../../../../var/folders/2n/ql1qs9rs58v7mxcldc63ml8m0000gn/T/chromatic--30095-t5sXW3voS14q/assets/index-56502c4c.js                              0.62 kB │ gzip:   0.39 kB │ map:     4.29 kB
../../../../var/folders/2n/ql1qs9rs58v7mxcldc63ml8m0000gn/T/chromatic--30095-t5sXW3voS14q/assets/Button-33fc768e.js                             0.63 kB │ gzip:   0.40 kB │ map:     1.07 kB
../../../../var/folders/2n/ql1qs9rs58v7mxcldc63ml8m0000gn/T/chromatic--30095-t5sXW3voS14q/assets/preview-5ef354f3.js                            0.69 kB │ gzip:   0.49 kB │ map:     3.92 kB
../../../../var/folders/2n/ql1qs9rs58v7mxcldc63ml8m0000gn/T/chromatic--30095-t5sXW3voS14q/assets/_commonjsHelpers-de833af9.js                   0.75 kB │ gzip:   0.43 kB │ map:     0.11 kB
../../../../var/folders/2n/ql1qs9rs58v7mxcldc63ml8m0000gn/T/chromatic--30095-t5sXW3voS14q/assets/index-356e4a49.js                              0.81 kB │ gzip:   0.51 kB │ map:     3.27 kB
../../../../var/folders/2n/ql1qs9rs58v7mxcldc63ml8m0000gn/T/chromatic--30095-t5sXW3voS14q/assets/Image.stories-5dc115ad.js                      0.82 kB │ gzip:   0.47 kB │ map:     0.11 kB
../../../../var/folders/2n/ql1qs9rs58v7mxcldc63ml8m0000gn/T/chromatic--30095-t5sXW3voS14q/assets/index-8d47fad6.js                              0.84 kB │ gzip:   0.55 kB │ map:     4.13 kB
../../../../var/folders/2n/ql1qs9rs58v7mxcldc63ml8m0000gn/T/chromatic--30095-t5sXW3voS14q/assets/preview-b79ea209.js                            0.90 kB │ gzip:   0.60 kB │ map:     2.96 kB
../../../../var/folders/2n/ql1qs9rs58v7mxcldc63ml8m0000gn/T/chromatic--30095-t5sXW3voS14q/assets/jsx-runtime-4ca860c5.js                        0.97 kB │ gzip:   0.61 kB │ map:     2.32 kB
../../../../var/folders/2n/ql1qs9rs58v7mxcldc63ml8m0000gn/T/chromatic--30095-t5sXW3voS14q/assets/Button.stories-08fd0e87.js                     1.17 kB │ gzip:   0.50 kB │ map:     0.12 kB
../../../../var/folders/2n/ql1qs9rs58v7mxcldc63ml8m0000gn/T/chromatic--30095-t5sXW3voS14q/assets/preview-a60aa466.js                            2.40 kB │ gzip:   1.25 kB │ map:    11.09 kB
../../../../var/folders/2n/ql1qs9rs58v7mxcldc63ml8m0000gn/T/chromatic--30095-t5sXW3voS14q/assets/index-d37d4223.js                              2.63 kB │ gzip:   1.30 kB │ map:     7.49 kB
../../../../var/folders/2n/ql1qs9rs58v7mxcldc63ml8m0000gn/T/chromatic--30095-t5sXW3voS14q/assets/Card.stories-39c21a7e.js                       2.63 kB │ gzip:   1.00 kB │ map:     1.99 kB
../../../../var/folders/2n/ql1qs9rs58v7mxcldc63ml8m0000gn/T/chromatic--30095-t5sXW3voS14q/assets/Git-DZ2D5ZUL-6ca74cd2.js                       3.06 kB │ gzip:   1.00 kB │ map:     7.21 kB
../../../../var/folders/2n/ql1qs9rs58v7mxcldc63ml8m0000gn/T/chromatic--30095-t5sXW3voS14q/assets/preview-770cc08b.js                            3.22 kB │ gzip:   1.39 kB │ map:    10.24 kB
../../../../var/folders/2n/ql1qs9rs58v7mxcldc63ml8m0000gn/T/chromatic--30095-t5sXW3voS14q/assets/Editing-7QFB6ZMG-a75b9a4e.js                   4.02 kB │ gzip:   1.12 kB │ map:    10.11 kB
../../../../var/folders/2n/ql1qs9rs58v7mxcldc63ml8m0000gn/T/chromatic--30095-t5sXW3voS14q/assets/iframe-ba475987.js                             5.34 kB │ gzip:   1.84 kB │ map:     5.68 kB
../../../../var/folders/2n/ql1qs9rs58v7mxcldc63ml8m0000gn/T/chromatic--30095-t5sXW3voS14q/assets/OS-YZ2Y4VYS-57059e39.js                        5.57 kB │ gzip:   2.20 kB │ map:     9.94 kB
../../../../var/folders/2n/ql1qs9rs58v7mxcldc63ml8m0000gn/T/chromatic--30095-t5sXW3voS14q/assets/index-61bf1805.js                              7.21 kB │ gzip:   2.95 kB │ map:    15.74 kB
../../../../var/folders/2n/ql1qs9rs58v7mxcldc63ml8m0000gn/T/chromatic--30095-t5sXW3voS14q/assets/People-OD4EV7WZ-e23c0f1f.js                    7.64 kB │ gzip:   2.20 kB │ map:    16.31 kB
../../../../var/folders/2n/ql1qs9rs58v7mxcldc63ml8m0000gn/T/chromatic--30095-t5sXW3voS14q/assets/preview-d8c963a4.js                            7.67 kB │ gzip:   1.60 kB │ map:    14.22 kB
../../../../var/folders/2n/ql1qs9rs58v7mxcldc63ml8m0000gn/T/chromatic--30095-t5sXW3voS14q/assets/Documents-SGWAY3KW-a46f097b.js                 8.11 kB │ gzip:   1.61 kB │ map:    20.07 kB
../../../../var/folders/2n/ql1qs9rs58v7mxcldc63ml8m0000gn/T/chromatic--30095-t5sXW3voS14q/assets/preview-25cb0eda.js                            8.33 kB │ gzip:   3.21 kB │ map:    29.43 kB
../../../../var/folders/2n/ql1qs9rs58v7mxcldc63ml8m0000gn/T/chromatic--30095-t5sXW3voS14q/assets/Devices-SUYACUPO-5f5f7f3c.js                  11.12 kB │ gzip:   2.43 kB │ map:    24.79 kB
../../../../var/folders/2n/ql1qs9rs58v7mxcldc63ml8m0000gn/T/chromatic--30095-t5sXW3voS14q/assets/GlobalScrollAreaStyles-4LLX2B3H-b88f3da9.js   15.05 kB │ gzip:   2.82 kB │ map:    21.43 kB
../../../../var/folders/2n/ql1qs9rs58v7mxcldc63ml8m0000gn/T/chromatic--30095-t5sXW3voS14q/assets/Logos-SJTNNI74-dfca754f.js                    15.65 kB │ gzip:   5.34 kB │ map:    30.01 kB
../../../../var/folders/2n/ql1qs9rs58v7mxcldc63ml8m0000gn/T/chromatic--30095-t5sXW3voS14q/assets/Wayfinding-BB4H7CHP-0d20a672.js               19.02 kB │ gzip:   3.75 kB │ map:    47.56 kB
../../../../var/folders/2n/ql1qs9rs58v7mxcldc63ml8m0000gn/T/chromatic--30095-t5sXW3voS14q/assets/Images-S2WTXNGG-1424b253.js                   20.72 kB │ gzip:   4.41 kB │ map:    49.05 kB
../../../../var/folders/2n/ql1qs9rs58v7mxcldc63ml8m0000gn/T/chromatic--30095-t5sXW3voS14q/assets/preview-d06fc6bf.js                           21.08 kB │ gzip:   6.99 kB │ map:    68.33 kB
../../../../var/folders/2n/ql1qs9rs58v7mxcldc63ml8m0000gn/T/chromatic--30095-t5sXW3voS14q/assets/Communicate-7JXCND2Z-d3f800fa.js              25.15 kB │ gzip:   6.58 kB │ map:    52.59 kB
../../../../var/folders/2n/ql1qs9rs58v7mxcldc63ml8m0000gn/T/chromatic--30095-t5sXW3voS14q/assets/CRUD-I5EZL2FS-97d62e3d.js                     26.35 kB │ gzip:   5.92 kB │ map:    59.47 kB
../../../../var/folders/2n/ql1qs9rs58v7mxcldc63ml8m0000gn/T/chromatic--30095-t5sXW3voS14q/assets/OverlayScrollbars-OL4C4TVX-03af70e8.js        28.95 kB │ gzip:  14.20 kB │ map:   108.15 kB
../../../../var/folders/2n/ql1qs9rs58v7mxcldc63ml8m0000gn/T/chromatic--30095-t5sXW3voS14q/assets/Color-6VNJS4EI-a09a18dd.js                    31.05 kB │ gzip:  11.66 kB │ map:   112.81 kB
../../../../var/folders/2n/ql1qs9rs58v7mxcldc63ml8m0000gn/T/chromatic--30095-t5sXW3voS14q/assets/_getPrototype-74a4a53f.js                    213.04 kB │ gzip:  66.68 kB │ map:   657.19 kB
../../../../var/folders/2n/ql1qs9rs58v7mxcldc63ml8m0000gn/T/chromatic--30095-t5sXW3voS14q/assets/config-1109ec82.js                           213.45 kB │ gzip:  66.36 kB │ map:   803.61 kB
../../../../var/folders/2n/ql1qs9rs58v7mxcldc63ml8m0000gn/T/chromatic--30095-t5sXW3voS14q/assets/formatter-6736J7QO-35b37ecd.js               601.64 kB │ gzip: 185.07 kB │ map: 1,318.60 kB
../../../../var/folders/2n/ql1qs9rs58v7mxcldc63ml8m0000gn/T/chromatic--30095-t5sXW3voS14q/assets/DocsRenderer-3PUGWF3O-f4042f18.js            657.28 kB │ gzip: 201.66 kB │ map: 2,046.44 kB

(!) Some chunks are larger than 500 kBs after minification. Consider:
- Using dynamic import() to code-split the application
- Use build.rollupOptions.output.manualChunks to improve chunking: https://rollupjs.org/configuration-options/#output-manualchunks
- Adjust chunk size limit for this warning via build.chunkSizeWarningLimit.
✓ built in 7.08s
info => Output directory: /var/folders/2n/ql1qs9rs58v7mxcldc63ml8m0000gn/T/chromatic--30095-t5sXW3voS14q
